<?xml version="1.0" encoding="UTF-8"?>
<robot generator="Robot 4.1.2 (Python 3.10.0 on win32)" generated="20220121 17:41:17.876" rpa="false" schemaversion="2">
<suite id="s1" name="Pichau" source="C:\ifood\robot\web\pichau.robot">
<test id="s1-t1" name="Acessar o site e verificar">
<kw name="Open Browser" library="SeleniumLibrary">
<arg>${url}</arg>
<arg>chrome</arg>
<doc>Opens a new browser instance to the optional ``url``.</doc>
<msg timestamp="20220121 17:41:18.175" level="INFO">Opening browser 'chrome' to base url 'https://www.pichau.com.br'.</msg>
<status status="PASS" starttime="20220121 17:41:18.174" endtime="20220121 17:41:23.265"/>
</kw>
<kw name="Title Should Be" library="SeleniumLibrary">
<arg>${validar}</arg>
<doc>Verifies that the current page title equals ``title``.</doc>
<msg timestamp="20220121 17:41:23.273" level="INFO">Page title is 'Pichau - Os Melhores Preços do Brasil | Pichau'.</msg>
<status status="PASS" starttime="20220121 17:41:23.267" endtime="20220121 17:41:23.273"/>
</kw>
<kw name="Close Browser" library="SeleniumLibrary">
<doc>Closes the current browser.</doc>
<status status="PASS" starttime="20220121 17:41:23.273" endtime="20220121 17:41:25.482"/>
</kw>
<status status="PASS" starttime="20220121 17:41:18.173" endtime="20220121 17:41:25.483"/>
</test>
<test id="s1-t2" name="Pesquisando produto">
<kw name="Open Browser" library="SeleniumLibrary">
<arg>${url}</arg>
<arg>chrome</arg>
<doc>Opens a new browser instance to the optional ``url``.</doc>
<msg timestamp="20220121 17:41:25.486" level="INFO">Opening browser 'chrome' to base url 'https://www.pichau.com.br'.</msg>
<status status="PASS" starttime="20220121 17:41:25.485" endtime="20220121 17:41:30.567"/>
</kw>
<kw name="Input Text" library="SeleniumLibrary">
<arg>${pesquisar}</arg>
<arg>cadeira</arg>
<doc>Types the given ``text`` into the text field identified by ``locator``.</doc>
<msg timestamp="20220121 17:41:30.568" level="INFO">Typing text 'cadeira' into text field 'xpath=//input[contains(@placeholder,"Digite o que você procura..." )]'.</msg>
<status status="PASS" starttime="20220121 17:41:30.567" endtime="20220121 17:41:30.705"/>
</kw>
<kw name="Click Element" library="SeleniumLibrary">
<arg>${click}</arg>
<doc>Click the element identified by ``locator``.</doc>
<msg timestamp="20220121 17:41:30.706" level="INFO">Clicking element 'xpath=//div[contains(@class, "MuiFormControl-root MuiTextField-root MuiFormControl-marginNormal MuiFormControl-fullWidth")]'.</msg>
<status status="PASS" starttime="20220121 17:41:30.705" endtime="20220121 17:41:30.748"/>
</kw>
<kw name="Click Button" library="SeleniumLibrary">
<arg>${pesquisar}</arg>
<doc>Clicks the button identified by ``locator``.</doc>
<msg timestamp="20220121 17:41:30.749" level="INFO">Clicking button 'xpath=//input[contains(@placeholder,"Digite o que você procura..." )]'.</msg>
<status status="PASS" starttime="20220121 17:41:30.748" endtime="20220121 17:41:30.792"/>
</kw>
<kw name="Close Browser" library="SeleniumLibrary">
<doc>Closes the current browser.</doc>
<status status="PASS" starttime="20220121 17:41:30.792" endtime="20220121 17:41:33.014"/>
</kw>
<status status="PASS" starttime="20220121 17:41:25.484" endtime="20220121 17:41:33.015"/>
</test>
<test id="s1-t3" name="Adicionado no carrinho">
<kw name="Open Browser" library="SeleniumLibrary">
<arg>${url}</arg>
<arg>chrome</arg>
<doc>Opens a new browser instance to the optional ``url``.</doc>
<msg timestamp="20220121 17:41:33.017" level="INFO">Opening browser 'chrome' to base url 'https://www.pichau.com.br'.</msg>
<status status="PASS" starttime="20220121 17:41:33.017" endtime="20220121 17:41:38.288"/>
</kw>
<kw name="Input Text" library="SeleniumLibrary">
<arg>${pesquisar}</arg>
<arg>cadeira</arg>
<doc>Types the given ``text`` into the text field identified by ``locator``.</doc>
<msg timestamp="20220121 17:41:38.289" level="INFO">Typing text 'cadeira' into text field 'xpath=//input[contains(@placeholder,"Digite o que você procura..." )]'.</msg>
<status status="PASS" starttime="20220121 17:41:38.289" endtime="20220121 17:41:38.419"/>
</kw>
<kw name="Press Keys" library="SeleniumLibrary">
<arg>${pesquisar}</arg>
<arg>RETURN</arg>
<doc>Simulates the user pressing key(s) to an element or on the active browser.</doc>
<msg timestamp="20220121 17:41:38.420" level="INFO">Sending key(s) ('RETURN',) to xpath=//input[contains(@placeholder,"Digite o que você procura..." )] element.</msg>
<msg timestamp="20220121 17:41:38.727" level="INFO">Pressing special key RETURN to element.</msg>
<msg timestamp="20220121 17:41:38.727" level="INFO">Releasing special key RETURN.</msg>
<status status="PASS" starttime="20220121 17:41:38.420" endtime="20220121 17:41:38.780"/>
</kw>
<kw name="Sleep" library="BuiltIn">
<arg>3</arg>
<doc>Pauses the test executed for the given time.</doc>
<msg timestamp="20220121 17:41:41.782" level="INFO">Slept 3 seconds</msg>
<status status="PASS" starttime="20220121 17:41:38.781" endtime="20220121 17:41:41.782"/>
</kw>
<kw name="Click Element" library="SeleniumLibrary">
<arg>${produto}</arg>
<doc>Click the element identified by ``locator``.</doc>
<msg timestamp="20220121 17:41:41.783" level="INFO">Clicking element 'xpath=//div[contains(@class, "MuiGrid-root MuiGrid-item MuiGrid-grid-xs-12 MuiGrid-grid-sm-6 MuiGrid-grid-md-4 MuiGrid-grid-lg-3 MuiGrid-grid-xl-2")][position()=1]'.</msg>
<msg timestamp="20220121 17:41:45.938" level="WARN">Retrying (Retry(total=2, connect=None, read=None, redirect=None, status=None)) after connection broken by 'NewConnectionError('&lt;urllib3.connection.HTTPConnection object at 0x000002CF1CA50250&gt;: Failed to establish a new connection: [WinError 10061] Nenhuma conexão pôde ser feita porque a máquina de destino as recusou ativamente')': /session/d81e2ec5470407cf3c0abb8649bd231e/screenshot</msg>
<msg timestamp="20220121 17:41:50.003" level="WARN">Retrying (Retry(total=1, connect=None, read=None, redirect=None, status=None)) after connection broken by 'NewConnectionError('&lt;urllib3.connection.HTTPConnection object at 0x000002CF1C9D3580&gt;: Failed to establish a new connection: [WinError 10061] Nenhuma conexão pôde ser feita porque a máquina de destino as recusou ativamente')': /session/d81e2ec5470407cf3c0abb8649bd231e/screenshot</msg>
<msg timestamp="20220121 17:41:54.071" level="WARN">Retrying (Retry(total=0, connect=None, read=None, redirect=None, status=None)) after connection broken by 'NewConnectionError('&lt;urllib3.connection.HTTPConnection object at 0x000002CF1C9D3460&gt;: Failed to establish a new connection: [WinError 10061] Nenhuma conexão pôde ser feita porque a máquina de destino as recusou ativamente')': /session/d81e2ec5470407cf3c0abb8649bd231e/screenshot</msg>
<msg timestamp="20220121 17:41:58.134" level="WARN">Keyword 'Capture Page Screenshot' could not be run on failure: HTTPConnectionPool(host='localhost', port=53665): Max retries exceeded with url: /session/d81e2ec5470407cf3c0abb8649bd231e/screenshot (Caused by NewConnectionError('&lt;urllib3.connection.HTTPConnection object at 0x000002CF1C9D3F70&gt;: Failed to establish a new connection: [WinError 10061] Nenhuma conexão pôde ser feita porque a máquina de destino as recusou ativamente'))</msg>
<status status="FAIL" starttime="20220121 17:41:41.782" endtime="20220121 17:41:58.136"/>
</kw>
<kw name="Sleep" library="BuiltIn">
<arg>3</arg>
<doc>Pauses the test executed for the given time.</doc>
<status status="NOT RUN" starttime="20220121 17:41:58.136" endtime="20220121 17:41:58.136"/>
</kw>
<kw name="Click Element" library="SeleniumLibrary">
<arg>${comprar}</arg>
<doc>Click the element identified by ``locator``.</doc>
<status status="NOT RUN" starttime="20220121 17:41:58.137" endtime="20220121 17:41:58.137"/>
</kw>
<kw name="Wait Until Page Contains" library="SeleniumLibrary">
<arg>SKU: 70519</arg>
<doc>Waits until ``text`` appears on the current page.</doc>
<status status="NOT RUN" starttime="20220121 17:41:58.138" endtime="20220121 17:41:58.138"/>
</kw>
<kw name="Close Browser" library="SeleniumLibrary">
<doc>Closes the current browser.</doc>
<status status="NOT RUN" starttime="20220121 17:41:58.138" endtime="20220121 17:41:58.138"/>
</kw>
<status status="FAIL" starttime="20220121 17:41:33.016" endtime="20220121 17:41:58.139">Execution terminated by signal</status>
</test>
<status status="FAIL" starttime="20220121 17:41:17.878" endtime="20220121 17:41:58.141"/>
</suite>
<statistics>
<total>
<stat pass="2" fail="1" skip="0">All Tests</stat>
</total>
<tag>
</tag>
<suite>
<stat pass="2" fail="1" skip="0" id="s1" name="Pichau">Pichau</stat>
</suite>
</statistics>
<errors>
<msg timestamp="20220121 17:41:45.938" level="WARN">Retrying (Retry(total=2, connect=None, read=None, redirect=None, status=None)) after connection broken by 'NewConnectionError('&lt;urllib3.connection.HTTPConnection object at 0x000002CF1CA50250&gt;: Failed to establish a new connection: [WinError 10061] Nenhuma conexão pôde ser feita porque a máquina de destino as recusou ativamente')': /session/d81e2ec5470407cf3c0abb8649bd231e/screenshot</msg>
<msg timestamp="20220121 17:41:50.003" level="WARN">Retrying (Retry(total=1, connect=None, read=None, redirect=None, status=None)) after connection broken by 'NewConnectionError('&lt;urllib3.connection.HTTPConnection object at 0x000002CF1C9D3580&gt;: Failed to establish a new connection: [WinError 10061] Nenhuma conexão pôde ser feita porque a máquina de destino as recusou ativamente')': /session/d81e2ec5470407cf3c0abb8649bd231e/screenshot</msg>
<msg timestamp="20220121 17:41:54.071" level="WARN">Retrying (Retry(total=0, connect=None, read=None, redirect=None, status=None)) after connection broken by 'NewConnectionError('&lt;urllib3.connection.HTTPConnection object at 0x000002CF1C9D3460&gt;: Failed to establish a new connection: [WinError 10061] Nenhuma conexão pôde ser feita porque a máquina de destino as recusou ativamente')': /session/d81e2ec5470407cf3c0abb8649bd231e/screenshot</msg>
<msg timestamp="20220121 17:41:58.134" level="WARN">Keyword 'Capture Page Screenshot' could not be run on failure: HTTPConnectionPool(host='localhost', port=53665): Max retries exceeded with url: /session/d81e2ec5470407cf3c0abb8649bd231e/screenshot (Caused by NewConnectionError('&lt;urllib3.connection.HTTPConnection object at 0x000002CF1C9D3F70&gt;: Failed to establish a new connection: [WinError 10061] Nenhuma conexão pôde ser feita porque a máquina de destino as recusou ativamente'))</msg>
</errors>
</robot>
