<?xml version="1.0" encoding="UTF-8"?>
<robot generator="Robot 4.1.2 (Python 3.10.0 on win32)" generated="20220121 17:16:25.555" rpa="false" schemaversion="2">
<suite id="s1" name="Ifood" source="c:\ifood\robot\web\ifood.robot">
<test id="s1-t1" name="Acessar o site e verificar">
<kw name="Open Browser" library="SeleniumLibrary">
<arg>${url}</arg>
<arg>chrome</arg>
<doc>Opens a new browser instance to the optional ``url``.</doc>
<msg timestamp="20220121 17:16:25.860" level="INFO">Opening browser 'chrome' to base url 'https://www.pichau.com.br'.</msg>
<status status="PASS" starttime="20220121 17:16:25.859" endtime="20220121 17:16:31.102"/>
</kw>
<kw name="Title Should Be" library="SeleniumLibrary">
<arg>${validar}</arg>
<doc>Verifies that the current page title equals ``title``.</doc>
<msg timestamp="20220121 17:16:31.108" level="INFO">Page title is 'Pichau - Os Melhores Preços do Brasil | Pichau'.</msg>
<status status="PASS" starttime="20220121 17:16:31.102" endtime="20220121 17:16:31.108"/>
</kw>
<kw name="Close Browser" library="SeleniumLibrary">
<doc>Closes the current browser.</doc>
<status status="PASS" starttime="20220121 17:16:31.109" endtime="20220121 17:16:33.283"/>
</kw>
<status status="PASS" starttime="20220121 17:16:25.858" endtime="20220121 17:16:33.284"/>
</test>
<test id="s1-t2" name="Pesquisando produto">
<kw name="Open Browser" library="SeleniumLibrary">
<arg>${url}</arg>
<arg>chrome</arg>
<doc>Opens a new browser instance to the optional ``url``.</doc>
<msg timestamp="20220121 17:16:33.288" level="INFO">Opening browser 'chrome' to base url 'https://www.pichau.com.br'.</msg>
<status status="PASS" starttime="20220121 17:16:33.287" endtime="20220121 17:16:38.068"/>
</kw>
<kw name="Input Text" library="SeleniumLibrary">
<arg>${pesquisar}</arg>
<arg>cadeira</arg>
<doc>Types the given ``text`` into the text field identified by ``locator``.</doc>
<msg timestamp="20220121 17:16:38.070" level="INFO">Typing text 'cadeira' into text field 'xpath=//input[contains(@placeholder,"Digite o que você procura..." )]'.</msg>
<status status="PASS" starttime="20220121 17:16:38.069" endtime="20220121 17:16:38.195"/>
</kw>
<kw name="Click Element" library="SeleniumLibrary">
<arg>${click}</arg>
<doc>Click the element identified by ``locator``.</doc>
<msg timestamp="20220121 17:16:38.196" level="INFO">Clicking element 'xpath=//div[contains(@class, "MuiFormControl-root MuiTextField-root MuiFormControl-marginNormal MuiFormControl-fullWidth")]'.</msg>
<status status="PASS" starttime="20220121 17:16:38.196" endtime="20220121 17:16:38.238"/>
</kw>
<kw name="Click Button" library="SeleniumLibrary">
<arg>${pesquisar}</arg>
<doc>Clicks the button identified by ``locator``.</doc>
<msg timestamp="20220121 17:16:38.239" level="INFO">Clicking button 'xpath=//input[contains(@placeholder,"Digite o que você procura..." )]'.</msg>
<status status="PASS" starttime="20220121 17:16:38.238" endtime="20220121 17:16:38.274"/>
</kw>
<kw name="Close Browser" library="SeleniumLibrary">
<doc>Closes the current browser.</doc>
<status status="PASS" starttime="20220121 17:16:38.274" endtime="20220121 17:16:40.469"/>
</kw>
<status status="PASS" starttime="20220121 17:16:33.286" endtime="20220121 17:16:40.470"/>
</test>
<test id="s1-t3" name="Adicionado no carrinho">
<kw name="Open Browser" library="SeleniumLibrary">
<arg>${url}</arg>
<arg>chrome</arg>
<doc>Opens a new browser instance to the optional ``url``.</doc>
<msg timestamp="20220121 17:16:40.472" level="INFO">Opening browser 'chrome' to base url 'https://www.pichau.com.br'.</msg>
<status status="PASS" starttime="20220121 17:16:40.472" endtime="20220121 17:16:45.357"/>
</kw>
<kw name="Input Text" library="SeleniumLibrary">
<arg>${pesquisar}</arg>
<arg>cadeira</arg>
<doc>Types the given ``text`` into the text field identified by ``locator``.</doc>
<msg timestamp="20220121 17:16:45.358" level="INFO">Typing text 'cadeira' into text field 'xpath=//input[contains(@placeholder,"Digite o que você procura..." )]'.</msg>
<status status="PASS" starttime="20220121 17:16:45.358" endtime="20220121 17:16:45.501"/>
</kw>
<kw name="Press Keys" library="SeleniumLibrary">
<arg>${pesquisar}</arg>
<arg>RETURN</arg>
<doc>Simulates the user pressing key(s) to an element or on the active browser.</doc>
<msg timestamp="20220121 17:16:45.502" level="INFO">Sending key(s) ('RETURN',) to xpath=//input[contains(@placeholder,"Digite o que você procura..." )] element.</msg>
<msg timestamp="20220121 17:16:45.787" level="INFO">Pressing special key RETURN to element.</msg>
<msg timestamp="20220121 17:16:45.787" level="INFO">Releasing special key RETURN.</msg>
<status status="PASS" starttime="20220121 17:16:45.502" endtime="20220121 17:16:45.823"/>
</kw>
<kw name="Sleep" library="BuiltIn">
<arg>3</arg>
<doc>Pauses the test executed for the given time.</doc>
<msg timestamp="20220121 17:16:48.827" level="INFO">Slept 3 seconds</msg>
<status status="PASS" starttime="20220121 17:16:45.823" endtime="20220121 17:16:48.827"/>
</kw>
<kw name="Click Element" library="SeleniumLibrary">
<arg>${produto}</arg>
<doc>Click the element identified by ``locator``.</doc>
<msg timestamp="20220121 17:16:48.828" level="INFO">Clicking element 'xpath=//div[contains(@class, "MuiGrid-root MuiGrid-item MuiGrid-grid-xs-12 MuiGrid-grid-sm-6 MuiGrid-grid-md-4 MuiGrid-grid-lg-3 MuiGrid-grid-xl-2")][position()=1]'.</msg>
<status status="PASS" starttime="20220121 17:16:48.827" endtime="20220121 17:16:49.165"/>
</kw>
<kw name="Sleep" library="BuiltIn">
<arg>3</arg>
<doc>Pauses the test executed for the given time.</doc>
<msg timestamp="20220121 17:16:52.170" level="INFO">Slept 3 seconds</msg>
<status status="PASS" starttime="20220121 17:16:49.165" endtime="20220121 17:16:52.170"/>
</kw>
<kw name="Click Element" library="SeleniumLibrary">
<arg>${comprar}</arg>
<doc>Click the element identified by ``locator``.</doc>
<msg timestamp="20220121 17:16:52.171" level="INFO">Clicking element 'xpath=//button[contains(@class, "MuiButtonBase-root MuiButton-root MuiButton-contained jss251 MuiButton-containedSecondary MuiButton-containedSizeLarge MuiButton-sizeLarge MuiButton-fullWidth")]'.</msg>
<status status="PASS" starttime="20220121 17:16:52.170" endtime="20220121 17:16:52.262"/>
</kw>
<kw name="Wait Until Page Contains" library="SeleniumLibrary">
<arg>SKU: 70519</arg>
<doc>Waits until ``text`` appears on the current page.</doc>
<status status="PASS" starttime="20220121 17:16:52.263" endtime="20220121 17:16:52.287"/>
</kw>
<kw name="Close Browser" library="SeleniumLibrary">
<doc>Closes the current browser.</doc>
<status status="PASS" starttime="20220121 17:16:52.288" endtime="20220121 17:16:54.542"/>
</kw>
<status status="PASS" starttime="20220121 17:16:40.471" endtime="20220121 17:16:54.543"/>
</test>
<status status="PASS" starttime="20220121 17:16:25.557" endtime="20220121 17:16:54.545"/>
</suite>
<statistics>
<total>
<stat pass="3" fail="0" skip="0">All Tests</stat>
</total>
<tag>
</tag>
<suite>
<stat pass="3" fail="0" skip="0" id="s1" name="Ifood">Ifood</stat>
</suite>
</statistics>
<errors>
</errors>
</robot>
